<?xml version="1.0" encoding="UTF-8"?>
<!-- Generated by org.testng.reporters.JUnitReportReporter -->
<testsuite hostname="DESKTOP-DRB5IJT" failures="0" tests="1" name="amazontest.Amazontest" time="26.139" errors="0" timestamp="2023-01-10T18:04:51 IST" skipped="0">
  <testcase classname="amazontest.Amazontest" name="login" time="26.139"/>
  <system-out/>
</testsuite> <!-- amazontest.Amazontest -->
